<?xml version="1.0" encoding="UTF-8"?>
<!-- Generated by org.testng.reporters.JUnitReportReporter -->
<testsuite hostname="MAA-5CG026283S" failures="0" tests="2" name="CreateNew.CreateLegal" time="43.606" errors="0" timestamp="2021-04-24T18:18:16 IST" skipped="0">
  <testcase classname="CreateNew.CreateLegal" name="newlegal" time="21.218"/>
  <system-out/>
  <testcase classname="CreateNew.CreateLegal" name="newlegal" time="22.388"/>
  <system-out/>
</testsuite> <!-- CreateNew.CreateLegal -->
