<?xml version="1.0" encoding="UTF-8"?>
<!-- Generated by org.testng.reporters.JUnitReportReporter -->
<testsuite hostname="MAA-5CG026283S" failures="0" tests="2" name="CreateNew.Oppurtunity" time="57.496" errors="0" timestamp="2021-04-24T18:18:16 IST" skipped="0">
  <testcase classname="CreateNew.Oppurtunity" name="Newopp" time="27.933"/>
  <system-out/>
  <testcase classname="CreateNew.Oppurtunity" name="Newopp" time="29.563"/>
  <system-out/>
</testsuite> <!-- CreateNew.Oppurtunity -->
