<?xml version="1.0" encoding="UTF-8"?>
<!-- Generated by org.testng.reporters.JUnitReportReporter -->
<testsuite hostname="MAA-5CG026283S" failures="0" tests="2" name="CreateNew.EditLegal" time="72.494" errors="0" timestamp="2021-04-24T18:18:16 IST" skipped="0">
  <testcase classname="CreateNew.EditLegal" name="edit" time="36.342"/>
  <system-out/>
  <testcase classname="CreateNew.EditLegal" name="edit" time="36.152"/>
  <system-out/>
</testsuite> <!-- CreateNew.EditLegal -->
