<?xml version="1.0" encoding="UTF-8"?>
<!-- Generated by org.testng.reporters.JUnitReportReporter -->
<testsuite hostname="MAA-5CG026283S" failures="0" tests="1" name="CreateNew.DeleteTask" time="29.696" errors="0" timestamp="2021-04-24T18:18:16 IST" skipped="0">
  <testcase classname="CreateNew.DeleteTask" name="TaskDel" time="29.696"/>
  <system-out/>
</testsuite> <!-- CreateNew.DeleteTask -->
